Analysis & Synthesis report for de1_top
Wed Nov 23 21:26:34 2016
Quartus II Version 9.1 Build 222 10/21/2009 SJ Full Version


---------------------
; Table of Contents ;
---------------------
  1. Legal Notice
  2. Analysis & Synthesis Summary
  3. Analysis & Synthesis Settings
  4. Parallel Compilation
  5. Analysis & Synthesis Source Files Read
  6. Analysis & Synthesis Resource Usage Summary
  7. Analysis & Synthesis Resource Utilization by Entity
  8. General Register Statistics
  9. Analysis & Synthesis Messages



----------------
; Legal Notice ;
----------------
Copyright (C) 1991-2009 Altera Corporation
Your use of Altera Corporation's design tools, logic functions 
and other software and tools, and its AMPP partner logic 
functions, and any output files from any of the foregoing 
(including device programming or simulation files), and any 
associated documentation or information are expressly subject 
to the terms and conditions of the Altera Program License 
Subscription Agreement, Altera MegaCore Function License 
Agreement, or other applicable license agreement, including, 
without limitation, that your use is for the sole purpose of 
programming logic devices manufactured by Altera and sold by 
Altera or its authorized distributors.  Please refer to the 
applicable agreement for further details.



+-------------------------------------------------------------------------------+
; Analysis & Synthesis Summary                                                  ;
+------------------------------------+------------------------------------------+
; Analysis & Synthesis Status        ; Successful - Wed Nov 23 21:26:34 2016    ;
; Quartus II Version                 ; 9.1 Build 222 10/21/2009 SJ Full Version ;
; Revision Name                      ; de1_top                                  ;
; Top-level Entity Name              ; de1_top                                  ;
; Family                             ; Cyclone II                               ;
; Total logic elements               ; 146                                      ;
;     Total combinational functions  ; 145                                      ;
;     Dedicated logic registers      ; 79                                       ;
; Total registers                    ; 79                                       ;
; Total pins                         ; 283                                      ;
; Total virtual pins                 ; 0                                        ;
; Total memory bits                  ; 0                                        ;
; Embedded Multiplier 9-bit elements ; 0                                        ;
; Total PLLs                         ; 0                                        ;
+------------------------------------+------------------------------------------+


+----------------------------------------------------------------------------------------------------------------------+
; Analysis & Synthesis Settings                                                                                        ;
+----------------------------------------------------------------------------+--------------------+--------------------+
; Option                                                                     ; Setting            ; Default Value      ;
+----------------------------------------------------------------------------+--------------------+--------------------+
; Device                                                                     ; EP2C20F484C6       ;                    ;
; Top-level entity name                                                      ; de1_top            ; de1_top            ;
; Family name                                                                ; Cyclone II         ; Stratix II         ;
; Use Generated Physical Constraints File                                    ; Off                ;                    ;
; Use smart compilation                                                      ; Off                ; Off                ;
; Enable parallel Assembler and TimeQuest Timing Analyzer during compilation ; On                 ; On                 ;
; Enable compact report table                                                ; Off                ; Off                ;
; Restructure Multiplexers                                                   ; Auto               ; Auto               ;
; Create Debugging Nodes for IP Cores                                        ; Off                ; Off                ;
; Preserve fewer node names                                                  ; On                 ; On                 ;
; Disable OpenCore Plus hardware evaluation                                  ; Off                ; Off                ;
; Verilog Version                                                            ; Verilog_2001       ; Verilog_2001       ;
; VHDL Version                                                               ; VHDL_1993          ; VHDL_1993          ;
; State Machine Processing                                                   ; Auto               ; Auto               ;
; Safe State Machine                                                         ; Off                ; Off                ;
; Extract Verilog State Machines                                             ; On                 ; On                 ;
; Extract VHDL State Machines                                                ; On                 ; On                 ;
; Ignore Verilog initial constructs                                          ; Off                ; Off                ;
; Iteration limit for constant Verilog loops                                 ; 5000               ; 5000               ;
; Iteration limit for non-constant Verilog loops                             ; 250                ; 250                ;
; Add Pass-Through Logic to Inferred RAMs                                    ; On                 ; On                 ;
; Parallel Synthesis                                                         ; Off                ; Off                ;
; DSP Block Balancing                                                        ; Auto               ; Auto               ;
; NOT Gate Push-Back                                                         ; On                 ; On                 ;
; Power-Up Don't Care                                                        ; On                 ; On                 ;
; Remove Redundant Logic Cells                                               ; Off                ; Off                ;
; Remove Duplicate Registers                                                 ; On                 ; On                 ;
; Ignore CARRY Buffers                                                       ; Off                ; Off                ;
; Ignore CASCADE Buffers                                                     ; Off                ; Off                ;
; Ignore GLOBAL Buffers                                                      ; Off                ; Off                ;
; Ignore ROW GLOBAL Buffers                                                  ; Off                ; Off                ;
; Ignore LCELL Buffers                                                       ; Off                ; Off                ;
; Ignore SOFT Buffers                                                        ; On                 ; On                 ;
; Limit AHDL Integers to 32 Bits                                             ; Off                ; Off                ;
; Optimization Technique                                                     ; Balanced           ; Balanced           ;
; Carry Chain Length                                                         ; 70                 ; 70                 ;
; Auto Carry Chains                                                          ; On                 ; On                 ;
; Auto Open-Drain Pins                                                       ; On                 ; On                 ;
; Perform WYSIWYG Primitive Resynthesis                                      ; Off                ; Off                ;
; Auto ROM Replacement                                                       ; On                 ; On                 ;
; Auto RAM Replacement                                                       ; On                 ; On                 ;
; Auto Shift Register Replacement                                            ; Auto               ; Auto               ;
; Auto Clock Enable Replacement                                              ; On                 ; On                 ;
; Strict RAM Replacement                                                     ; Off                ; Off                ;
; Allow Synchronous Control Signals                                          ; On                 ; On                 ;
; Force Use of Synchronous Clear Signals                                     ; Off                ; Off                ;
; Auto RAM to Logic Cell Conversion                                          ; Off                ; Off                ;
; Auto Resource Sharing                                                      ; Off                ; Off                ;
; Allow Any RAM Size For Recognition                                         ; Off                ; Off                ;
; Allow Any ROM Size For Recognition                                         ; Off                ; Off                ;
; Allow Any Shift Register Size For Recognition                              ; Off                ; Off                ;
; Use LogicLock Constraints during Resource Balancing                        ; On                 ; On                 ;
; Ignore translate_off and synthesis_off directives                          ; Off                ; Off                ;
; Timing-Driven Synthesis                                                    ; Off                ; Off                ;
; Show Parameter Settings Tables in Synthesis Report                         ; On                 ; On                 ;
; Ignore Maximum Fan-Out Assignments                                         ; Off                ; Off                ;
; Synchronization Register Chain Length                                      ; 2                  ; 2                  ;
; PowerPlay Power Optimization                                               ; Normal compilation ; Normal compilation ;
; HDL message level                                                          ; Level2             ; Level2             ;
; Suppress Register Optimization Related Messages                            ; Off                ; Off                ;
; Number of Removed Registers Reported in Synthesis Report                   ; 100                ; 100                ;
; Number of Inverted Registers Reported in Synthesis Report                  ; 100                ; 100                ;
; Clock MUX Protection                                                       ; On                 ; On                 ;
; Auto Gated Clock Conversion                                                ; Off                ; Off                ;
; Block Design Naming                                                        ; Auto               ; Auto               ;
; SDC constraint protection                                                  ; Off                ; Off                ;
; Synthesis Effort                                                           ; Auto               ; Auto               ;
; Shift Register Replacement - Allow Asynchronous Clear Signal               ; On                 ; On                 ;
; Analysis & Synthesis Message Level                                         ; Medium             ; Medium             ;
; Disable Register Merging Across Hierarchies                                ; Auto               ; Auto               ;
; Resource Aware Inference For Block RAM                                     ; On                 ; On                 ;
+----------------------------------------------------------------------------+--------------------+--------------------+


+------------------------------------------+
; Parallel Compilation                     ;
+----------------------------+-------------+
; Processors                 ; Number      ;
+----------------------------+-------------+
; Number detected on machine ; 2           ;
; Maximum allowed            ; 2           ;
;                            ;             ;
; Average used               ; 1.00        ;
; Maximum used               ; 1           ;
;                            ;             ;
; Usage by Processor         ; % Time Used ;
;     1 processor            ; 100.0%      ;
;     2 processors           ;   0.0%      ;
+----------------------------+-------------+


+------------------------------------------------------------------------------------------------------------+
; Analysis & Synthesis Source Files Read                                                                     ;
+----------------------------------+-----------------+------------------------+------------------------------+
; File Name with User-Entered Path ; Used in Netlist ; File Type              ; File Name with Absolute Path ;
+----------------------------------+-----------------+------------------------+------------------------------+
; de1_top.v                        ; yes             ; User Verilog HDL File  ; D:/de1_top/de1_top.v         ;
+----------------------------------+-----------------+------------------------+------------------------------+


+--------------------------------------------------------+
; Analysis & Synthesis Resource Usage Summary            ;
+---------------------------------------------+----------+
; Resource                                    ; Usage    ;
+---------------------------------------------+----------+
; Estimated Total logic elements              ; 146      ;
;                                             ;          ;
; Total combinational functions               ; 145      ;
; Logic element usage by number of LUT inputs ;          ;
;     -- 4 input functions                    ; 36       ;
;     -- 3 input functions                    ; 9        ;
;     -- <=2 input functions                  ; 100      ;
;                                             ;          ;
; Logic elements by mode                      ;          ;
;     -- normal mode                          ; 79       ;
;     -- arithmetic mode                      ; 66       ;
;                                             ;          ;
; Total registers                             ; 79       ;
;     -- Dedicated logic registers            ; 79       ;
;     -- I/O registers                        ; 0        ;
;                                             ;          ;
; I/O pins                                    ; 283      ;
; Maximum fan-out node                        ; CLOCK_50 ;
; Maximum fan-out                             ; 79       ;
; Total fan-out                               ; 608      ;
; Average fan-out                             ; 1.20     ;
+---------------------------------------------+----------+


+------------------------------------------------------------------------------------------------------------------------------------------------------------------------------------+
; Analysis & Synthesis Resource Utilization by Entity                                                                                                                                ;
+----------------------------+-------------------+--------------+-------------+--------------+---------+-----------+------+--------------+----------------------------+--------------+
; Compilation Hierarchy Node ; LC Combinationals ; LC Registers ; Memory Bits ; DSP Elements ; DSP 9x9 ; DSP 18x18 ; Pins ; Virtual Pins ; Full Hierarchy Name        ; Library Name ;
+----------------------------+-------------------+--------------+-------------+--------------+---------+-----------+------+--------------+----------------------------+--------------+
; |de1_top                   ; 145 (0)           ; 79 (0)       ; 0           ; 0            ; 0       ; 0         ; 283  ; 0            ; |de1_top                   ; work         ;
;    |clk_div10:comb_4|      ; 5 (5)             ; 5 (5)        ; 0           ; 0            ; 0       ; 0         ; 0    ; 0            ; |de1_top|clk_div10:comb_4  ;              ;
;    |clk_div1M:comb_5|      ; 38 (38)           ; 21 (21)      ; 0           ; 0            ; 0       ; 0         ; 0    ; 0            ; |de1_top|clk_div1M:comb_5  ;              ;
;    |clk_div2:comb_3|       ; 1 (1)             ; 2 (2)        ; 0           ; 0            ; 0       ; 0         ; 0    ; 0            ; |de1_top|clk_div2:comb_3   ;              ;
;    |clk_div50M:comb_7|     ; 51 (51)           ; 27 (27)      ; 0           ; 0            ; 0       ; 0         ; 0    ; 0            ; |de1_top|clk_div50M:comb_7 ;              ;
;    |clk_div5M:comb_6|      ; 50 (50)           ; 24 (24)      ; 0           ; 0            ; 0       ; 0         ; 0    ; 0            ; |de1_top|clk_div5M:comb_6  ;              ;
+----------------------------+-------------------+--------------+-------------+--------------+---------+-----------+------+--------------+----------------------------+--------------+
Note: For table entries with two numbers listed, the numbers in parentheses indicate the number of resources of the given type used by the specific entity alone. The numbers listed outside of parentheses indicate the total resources of the given type used by the specific entity and all of its sub-entities in the hierarchy.


+------------------------------------------------------+
; General Register Statistics                          ;
+----------------------------------------------+-------+
; Statistic                                    ; Value ;
+----------------------------------------------+-------+
; Total registers                              ; 79    ;
; Number of registers using Synchronous Clear  ; 0     ;
; Number of registers using Synchronous Load   ; 0     ;
; Number of registers using Asynchronous Clear ; 79    ;
; Number of registers using Asynchronous Load  ; 0     ;
; Number of registers using Clock Enable       ; 0     ;
; Number of registers using Preset             ; 0     ;
+----------------------------------------------+-------+


+-------------------------------+
; Analysis & Synthesis Messages ;
+-------------------------------+
Info: *******************************************************************
Info: Running Quartus II Analysis & Synthesis
    Info: Version 9.1 Build 222 10/21/2009 SJ Full Version
    Info: Processing started: Wed Nov 23 21:26:26 2016
Info: Command: quartus_map --read_settings_files=on --write_settings_files=off de1_top -c de1_top
Info: Parallel compilation is enabled and will use 2 of the 2 processors detected
Info: Found 6 design units, including 6 entities, in source file de1_top.v
    Info: Found entity 1: de1_top
    Info: Found entity 2: clk_div2
    Info: Found entity 3: clk_div10
    Info: Found entity 4: clk_div1M
    Info: Found entity 5: clk_div5M
    Info: Found entity 6: clk_div50M
Critical Warning (10846): Verilog HDL Instantiation warning at de1_top.v(389): instance has no name
Critical Warning (10846): Verilog HDL Instantiation warning at de1_top.v(390): instance has no name
Critical Warning (10846): Verilog HDL Instantiation warning at de1_top.v(391): instance has no name
Critical Warning (10846): Verilog HDL Instantiation warning at de1_top.v(392): instance has no name
Critical Warning (10846): Verilog HDL Instantiation warning at de1_top.v(393): instance has no name
Info: Elaborating entity "de1_top" for the top level hierarchy
Warning (10034): Output port "HEX0" at de1_top.v(95) has no driver
Warning (10034): Output port "HEX1" at de1_top.v(96) has no driver
Warning (10034): Output port "HEX2" at de1_top.v(97) has no driver
Warning (10034): Output port "HEX3" at de1_top.v(98) has no driver
Warning (10034): Output port "LEDG[7..5]" at de1_top.v(100) has no driver
Warning (10034): Output port "LEDR" at de1_top.v(101) has no driver
Warning (10034): Output port "DRAM_ADDR" at de1_top.v(107) has no driver
Warning (10034): Output port "FL_ADDR" at de1_top.v(120) has no driver
Warning (10034): Output port "SRAM_ADDR" at de1_top.v(127) has no driver
Warning (10034): Output port "VGA_R" at de1_top.v(152) has no driver
Warning (10034): Output port "VGA_G" at de1_top.v(153) has no driver
Warning (10034): Output port "VGA_B" at de1_top.v(154) has no driver
Warning (10034): Output port "UART_TXD" at de1_top.v(103) has no driver
Warning (10034): Output port "DRAM_LDQM" at de1_top.v(108) has no driver
Warning (10034): Output port "DRAM_UDQM" at de1_top.v(109) has no driver
Warning (10034): Output port "DRAM_WE_N" at de1_top.v(110) has no driver
Warning (10034): Output port "DRAM_CAS_N" at de1_top.v(111) has no driver
Warning (10034): Output port "DRAM_RAS_N" at de1_top.v(112) has no driver
Warning (10034): Output port "DRAM_CS_N" at de1_top.v(113) has no driver
Warning (10034): Output port "DRAM_BA_0" at de1_top.v(114) has no driver
Warning (10034): Output port "DRAM_BA_1" at de1_top.v(115) has no driver
Warning (10034): Output port "DRAM_CLK" at de1_top.v(116) has no driver
Warning (10034): Output port "DRAM_CKE" at de1_top.v(117) has no driver
Warning (10034): Output port "FL_WE_N" at de1_top.v(121) has no driver
Warning (10034): Output port "FL_RST_N" at de1_top.v(122) has no driver
Warning (10034): Output port "FL_OE_N" at de1_top.v(123) has no driver
Warning (10034): Output port "FL_CE_N" at de1_top.v(124) has no driver
Warning (10034): Output port "SRAM_UB_N" at de1_top.v(128) has no driver
Warning (10034): Output port "SRAM_LB_N" at de1_top.v(129) has no driver
Warning (10034): Output port "SRAM_WE_N" at de1_top.v(130) has no driver
Warning (10034): Output port "SRAM_CE_N" at de1_top.v(131) has no driver
Warning (10034): Output port "SRAM_OE_N" at de1_top.v(132) has no driver
Warning (10034): Output port "SD_CLK" at de1_top.v(137) has no driver
Warning (10034): Output port "TDO" at de1_top.v(148) has no driver
Warning (10034): Output port "I2C_SCLK" at de1_top.v(140) has no driver
Warning (10034): Output port "VGA_HS" at de1_top.v(150) has no driver
Warning (10034): Output port "VGA_VS" at de1_top.v(151) has no driver
Warning (10034): Output port "AUD_DACDAT" at de1_top.v(159) has no driver
Warning (10034): Output port "AUD_XCK" at de1_top.v(161) has no driver
Info: Elaborating entity "clk_div2" for hierarchy "clk_div2:comb_3"
Warning (10230): Verilog HDL assignment warning at de1_top.v(407): truncated value with size 32 to match size of target (1)
Info: Elaborating entity "clk_div10" for hierarchy "clk_div10:comb_4"
Warning (10230): Verilog HDL assignment warning at de1_top.v(432): truncated value with size 32 to match size of target (4)
Info: Elaborating entity "clk_div1M" for hierarchy "clk_div1M:comb_5"
Warning (10230): Verilog HDL assignment warning at de1_top.v(456): truncated value with size 32 to match size of target (20)
Info: Elaborating entity "clk_div5M" for hierarchy "clk_div5M:comb_6"
Warning (10230): Verilog HDL assignment warning at de1_top.v(480): truncated value with size 32 to match size of target (23)
Info: Elaborating entity "clk_div50M" for hierarchy "clk_div50M:comb_7"
Warning (10230): Verilog HDL assignment warning at de1_top.v(504): truncated value with size 32 to match size of target (26)
Warning: The following bidir pins have no drivers
    Warning: Bidir "DRAM_DQ[0]" has no driver
    Warning: Bidir "DRAM_DQ[1]" has no driver
    Warning: Bidir "DRAM_DQ[2]" has no driver
    Warning: Bidir "DRAM_DQ[3]" has no driver
    Warning: Bidir "DRAM_DQ[4]" has no driver
    Warning: Bidir "DRAM_DQ[5]" has no driver
    Warning: Bidir "DRAM_DQ[6]" has no driver
    Warning: Bidir "DRAM_DQ[7]" has no driver
    Warning: Bidir "DRAM_DQ[8]" has no driver
    Warning: Bidir "DRAM_DQ[9]" has no driver
    Warning: Bidir "DRAM_DQ[10]" has no driver
    Warning: Bidir "DRAM_DQ[11]" has no driver
    Warning: Bidir "DRAM_DQ[12]" has no driver
    Warning: Bidir "DRAM_DQ[13]" has no driver
    Warning: Bidir "DRAM_DQ[14]" has no driver
    Warning: Bidir "DRAM_DQ[15]" has no driver
    Warning: Bidir "FL_DQ[0]" has no driver
    Warning: Bidir "FL_DQ[1]" has no driver
    Warning: Bidir "FL_DQ[2]" has no driver
    Warning: Bidir "FL_DQ[3]" has no driver
    Warning: Bidir "FL_DQ[4]" has no driver
    Warning: Bidir "FL_DQ[5]" has no driver
    Warning: Bidir "FL_DQ[6]" has no driver
    Warning: Bidir "FL_DQ[7]" has no driver
    Warning: Bidir "SRAM_DQ[0]" has no driver
    Warning: Bidir "SRAM_DQ[1]" has no driver
    Warning: Bidir "SRAM_DQ[2]" has no driver
    Warning: Bidir "SRAM_DQ[3]" has no driver
    Warning: Bidir "SRAM_DQ[4]" has no driver
    Warning: Bidir "SRAM_DQ[5]" has no driver
    Warning: Bidir "SRAM_DQ[6]" has no driver
    Warning: Bidir "SRAM_DQ[7]" has no driver
    Warning: Bidir "SRAM_DQ[8]" has no driver
    Warning: Bidir "SRAM_DQ[9]" has no driver
    Warning: Bidir "SRAM_DQ[10]" has no driver
    Warning: Bidir "SRAM_DQ[11]" has no driver
    Warning: Bidir "SRAM_DQ[12]" has no driver
    Warning: Bidir "SRAM_DQ[13]" has no driver
    Warning: Bidir "SRAM_DQ[14]" has no driver
    Warning: Bidir "SRAM_DQ[15]" has no driver
    Warning: Bidir "SD_DAT" has no driver
    Warning: Bidir "SD_DAT3" has no driver
    Warning: Bidir "SD_CMD" has no driver
    Warning: Bidir "I2C_SDAT" has no driver
    Warning: Bidir "AUD_ADCLRCK" has no driver
    Warning: Bidir "AUD_DACLRCK" has no driver
    Warning: Bidir "AUD_BCLK" has no driver
    Warning: Bidir "GPIO_0[0]" has no driver
    Warning: Bidir "GPIO_0[1]" has no driver
    Warning: Bidir "GPIO_0[2]" has no driver
    Warning: Bidir "GPIO_0[3]" has no driver
    Warning: Bidir "GPIO_0[4]" has no driver
    Warning: Bidir "GPIO_0[5]" has no driver
    Warning: Bidir "GPIO_0[6]" has no driver
    Warning: Bidir "GPIO_0[7]" has no driver
    Warning: Bidir "GPIO_0[8]" has no driver
    Warning: Bidir "GPIO_0[9]" has no driver
    Warning: Bidir "GPIO_0[10]" has no driver
    Warning: Bidir "GPIO_0[11]" has no driver
    Warning: Bidir "GPIO_0[12]" has no driver
    Warning: Bidir "GPIO_0[13]" has no driver
    Warning: Bidir "GPIO_0[14]" has no driver
    Warning: Bidir "GPIO_0[15]" has no driver
    Warning: Bidir "GPIO_0[16]" has no driver
    Warning: Bidir "GPIO_0[17]" has no driver
    Warning: Bidir "GPIO_0[18]" has no driver
    Warning: Bidir "GPIO_0[19]" has no driver
    Warning: Bidir "GPIO_0[20]" has no driver
    Warning: Bidir "GPIO_0[21]" has no driver
    Warning: Bidir "GPIO_0[22]" has no driver
    Warning: Bidir "GPIO_0[23]" has no driver
    Warning: Bidir "GPIO_0[24]" has no driver
    Warning: Bidir "GPIO_0[25]" has no driver
    Warning: Bidir "GPIO_0[26]" has no driver
    Warning: Bidir "GPIO_0[27]" has no driver
    Warning: Bidir "GPIO_0[28]" has no driver
    Warning: Bidir "GPIO_0[29]" has no driver
    Warning: Bidir "GPIO_0[30]" has no driver
    Warning: Bidir "GPIO_0[31]" has no driver
    Warning: Bidir "GPIO_0[32]" has no driver
    Warning: Bidir "GPIO_0[33]" has no driver
    Warning: Bidir "GPIO_0[34]" has no driver
    Warning: Bidir "GPIO_0[35]" has no driver
    Warning: Bidir "GPIO_1[0]" has no driver
    Warning: Bidir "GPIO_1[1]" has no driver
    Warning: Bidir "GPIO_1[2]" has no driver
    Warning: Bidir "GPIO_1[3]" has no driver
    Warning: Bidir "GPIO_1[4]" has no driver
    Warning: Bidir "GPIO_1[5]" has no driver
    Warning: Bidir "GPIO_1[6]" has no driver
    Warning: Bidir "GPIO_1[7]" has no driver
    Warning: Bidir "GPIO_1[8]" has no driver
    Warning: Bidir "GPIO_1[9]" has no driver
    Warning: Bidir "GPIO_1[10]" has no driver
    Warning: Bidir "GPIO_1[11]" has no driver
    Warning: Bidir "GPIO_1[12]" has no driver
    Warning: Bidir "GPIO_1[13]" has no driver
    Warning: Bidir "GPIO_1[14]" has no driver
    Warning: Bidir "GPIO_1[15]" has no driver
    Warning: Bidir "GPIO_1[16]" has no driver
    Warning: Bidir "GPIO_1[17]" has no driver
    Warning: Bidir "GPIO_1[18]" has no driver
    Warning: Bidir "GPIO_1[19]" has no driver
    Warning: Bidir "GPIO_1[20]" has no driver
    Warning: Bidir "GPIO_1[21]" has no driver
    Warning: Bidir "GPIO_1[22]" has no driver
    Warning: Bidir "GPIO_1[23]" has no driver
    Warning: Bidir "GPIO_1[24]" has no driver
    Warning: Bidir "GPIO_1[25]" has no driver
    Warning: Bidir "GPIO_1[26]" has no driver
    Warning: Bidir "GPIO_1[27]" has no driver
    Warning: Bidir "GPIO_1[28]" has no driver
    Warning: Bidir "GPIO_1[29]" has no driver
    Warning: Bidir "GPIO_1[30]" has no driver
    Warning: Bidir "GPIO_1[31]" has no driver
    Warning: Bidir "GPIO_1[32]" has no driver
    Warning: Bidir "GPIO_1[33]" has no driver
    Warning: Bidir "GPIO_1[34]" has no driver
    Warning: Bidir "GPIO_1[35]" has no driver
Warning: Output pins are stuck at VCC or GND
    Warning (13410): Pin "HEX0[0]" is stuck at GND
    Warning (13410): Pin "HEX0[1]" is stuck at GND
    Warning (13410): Pin "HEX0[2]" is stuck at GND
    Warning (13410): Pin "HEX0[3]" is stuck at GND
    Warning (13410): Pin "HEX0[4]" is stuck at GND
    Warning (13410): Pin "HEX0[5]" is stuck at GND
    Warning (13410): Pin "HEX0[6]" is stuck at GND
    Warning (13410): Pin "HEX1[0]" is stuck at GND
    Warning (13410): Pin "HEX1[1]" is stuck at GND
    Warning (13410): Pin "HEX1[2]" is stuck at GND
    Warning (13410): Pin "HEX1[3]" is stuck at GND
    Warning (13410): Pin "HEX1[4]" is stuck at GND
    Warning (13410): Pin "HEX1[5]" is stuck at GND
    Warning (13410): Pin "HEX1[6]" is stuck at GND
    Warning (13410): Pin "HEX2[0]" is stuck at GND
    Warning (13410): Pin "HEX2[1]" is stuck at GND
    Warning (13410): Pin "HEX2[2]" is stuck at GND
    Warning (13410): Pin "HEX2[3]" is stuck at GND
    Warning (13410): Pin "HEX2[4]" is stuck at GND
    Warning (13410): Pin "HEX2[5]" is stuck at GND
    Warning (13410): Pin "HEX2[6]" is stuck at GND
    Warning (13410): Pin "HEX3[0]" is stuck at GND
    Warning (13410): Pin "HEX3[1]" is stuck at GND
    Warning (13410): Pin "HEX3[2]" is stuck at GND
    Warning (13410): Pin "HEX3[3]" is stuck at GND
    Warning (13410): Pin "HEX3[4]" is stuck at GND
    Warning (13410): Pin "HEX3[5]" is stuck at GND
    Warning (13410): Pin "HEX3[6]" is stuck at GND
    Warning (13410): Pin "LEDG[5]" is stuck at GND
    Warning (13410): Pin "LEDG[6]" is stuck at GND
    Warning (13410): Pin "LEDG[7]" is stuck at GND
    Warning (13410): Pin "LEDR[0]" is stuck at GND
    Warning (13410): Pin "LEDR[1]" is stuck at GND
    Warning (13410): Pin "LEDR[2]" is stuck at GND
    Warning (13410): Pin "LEDR[3]" is stuck at GND
    Warning (13410): Pin "LEDR[4]" is stuck at GND
    Warning (13410): Pin "LEDR[5]" is stuck at GND
    Warning (13410): Pin "LEDR[6]" is stuck at GND
    Warning (13410): Pin "LEDR[7]" is stuck at GND
    Warning (13410): Pin "LEDR[8]" is stuck at GND
    Warning (13410): Pin "LEDR[9]" is stuck at GND
    Warning (13410): Pin "UART_TXD" is stuck at GND
    Warning (13410): Pin "DRAM_ADDR[0]" is stuck at GND
    Warning (13410): Pin "DRAM_ADDR[1]" is stuck at GND
    Warning (13410): Pin "DRAM_ADDR[2]" is stuck at GND
    Warning (13410): Pin "DRAM_ADDR[3]" is stuck at GND
    Warning (13410): Pin "DRAM_ADDR[4]" is stuck at GND
    Warning (13410): Pin "DRAM_ADDR[5]" is stuck at GND
    Warning (13410): Pin "DRAM_ADDR[6]" is stuck at GND
    Warning (13410): Pin "DRAM_ADDR[7]" is stuck at GND
    Warning (13410): Pin "DRAM_ADDR[8]" is stuck at GND
    Warning (13410): Pin "DRAM_ADDR[9]" is stuck at GND
    Warning (13410): Pin "DRAM_ADDR[10]" is stuck at GND
    Warning (13410): Pin "DRAM_ADDR[11]" is stuck at GND
    Warning (13410): Pin "DRAM_LDQM" is stuck at GND
    Warning (13410): Pin "DRAM_UDQM" is stuck at GND
    Warning (13410): Pin "DRAM_WE_N" is stuck at GND
    Warning (13410): Pin "DRAM_CAS_N" is stuck at GND
    Warning (13410): Pin "DRAM_RAS_N" is stuck at GND
    Warning (13410): Pin "DRAM_CS_N" is stuck at GND
    Warning (13410): Pin "DRAM_BA_0" is stuck at GND
    Warning (13410): Pin "DRAM_BA_1" is stuck at GND
    Warning (13410): Pin "DRAM_CLK" is stuck at GND
    Warning (13410): Pin "DRAM_CKE" is stuck at GND
    Warning (13410): Pin "FL_ADDR[0]" is stuck at GND
    Warning (13410): Pin "FL_ADDR[1]" is stuck at GND
    Warning (13410): Pin "FL_ADDR[2]" is stuck at GND
    Warning (13410): Pin "FL_ADDR[3]" is stuck at GND
    Warning (13410): Pin "FL_ADDR[4]" is stuck at GND
    Warning (13410): Pin "FL_ADDR[5]" is stuck at GND
    Warning (13410): Pin "FL_ADDR[6]" is stuck at GND
    Warning (13410): Pin "FL_ADDR[7]" is stuck at GND
    Warning (13410): Pin "FL_ADDR[8]" is stuck at GND
    Warning (13410): Pin "FL_ADDR[9]" is stuck at GND
    Warning (13410): Pin "FL_ADDR[10]" is stuck at GND
    Warning (13410): Pin "FL_ADDR[11]" is stuck at GND
    Warning (13410): Pin "FL_ADDR[12]" is stuck at GND
    Warning (13410): Pin "FL_ADDR[13]" is stuck at GND
    Warning (13410): Pin "FL_ADDR[14]" is stuck at GND
    Warning (13410): Pin "FL_ADDR[15]" is stuck at GND
    Warning (13410): Pin "FL_ADDR[16]" is stuck at GND
    Warning (13410): Pin "FL_ADDR[17]" is stuck at GND
    Warning (13410): Pin "FL_ADDR[18]" is stuck at GND
    Warning (13410): Pin "FL_ADDR[19]" is stuck at GND
    Warning (13410): Pin "FL_ADDR[20]" is stuck at GND
    Warning (13410): Pin "FL_ADDR[21]" is stuck at GND
    Warning (13410): Pin "FL_WE_N" is stuck at GND
    Warning (13410): Pin "FL_RST_N" is stuck at GND
    Warning (13410): Pin "FL_OE_N" is stuck at GND
    Warning (13410): Pin "FL_CE_N" is stuck at GND
    Warning (13410): Pin "SRAM_ADDR[0]" is stuck at GND
    Warning (13410): Pin "SRAM_ADDR[1]" is stuck at GND
    Warning (13410): Pin "SRAM_ADDR[2]" is stuck at GND
    Warning (13410): Pin "SRAM_ADDR[3]" is stuck at GND
    Warning (13410): Pin "SRAM_ADDR[4]" is stuck at GND
    Warning (13410): Pin "SRAM_ADDR[5]" is stuck at GND
    Warning (13410): Pin "SRAM_ADDR[6]" is stuck at GND
    Warning (13410): Pin "SRAM_ADDR[7]" is stuck at GND
    Warning (13410): Pin "SRAM_ADDR[8]" is stuck at GND
    Warning (13410): Pin "SRAM_ADDR[9]" is stuck at GND
    Warning (13410): Pin "SRAM_ADDR[10]" is stuck at GND
    Warning (13410): Pin "SRAM_ADDR[11]" is stuck at GND
    Warning (13410): Pin "SRAM_ADDR[12]" is stuck at GND
    Warning (13410): Pin "SRAM_ADDR[13]" is stuck at GND
    Warning (13410): Pin "SRAM_ADDR[14]" is stuck at GND
    Warning (13410): Pin "SRAM_ADDR[15]" is stuck at GND
    Warning (13410): Pin "SRAM_ADDR[16]" is stuck at GND
    Warning (13410): Pin "SRAM_ADDR[17]" is stuck at GND
    Warning (13410): Pin "SRAM_UB_N" is stuck at GND
    Warning (13410): Pin "SRAM_LB_N" is stuck at GND
    Warning (13410): Pin "SRAM_WE_N" is stuck at GND
    Warning (13410): Pin "SRAM_CE_N" is stuck at GND
    Warning (13410): Pin "SRAM_OE_N" is stuck at GND
    Warning (13410): Pin "SD_CLK" is stuck at GND
    Warning (13410): Pin "TDO" is stuck at GND
    Warning (13410): Pin "I2C_SCLK" is stuck at GND
    Warning (13410): Pin "VGA_HS" is stuck at GND
    Warning (13410): Pin "VGA_VS" is stuck at GND
    Warning (13410): Pin "VGA_R[0]" is stuck at GND
    Warning (13410): Pin "VGA_R[1]" is stuck at GND
    Warning (13410): Pin "VGA_R[2]" is stuck at GND
    Warning (13410): Pin "VGA_R[3]" is stuck at GND
    Warning (13410): Pin "VGA_G[0]" is stuck at GND
    Warning (13410): Pin "VGA_G[1]" is stuck at GND
    Warning (13410): Pin "VGA_G[2]" is stuck at GND
    Warning (13410): Pin "VGA_G[3]" is stuck at GND
    Warning (13410): Pin "VGA_B[0]" is stuck at GND
    Warning (13410): Pin "VGA_B[1]" is stuck at GND
    Warning (13410): Pin "VGA_B[2]" is stuck at GND
    Warning (13410): Pin "VGA_B[3]" is stuck at GND
    Warning (13410): Pin "AUD_DACDAT" is stuck at GND
    Warning (13410): Pin "AUD_XCK" is stuck at GND
Warning: Design contains 21 input pin(s) that do not drive logic
    Warning (15610): No output dependent on input pin "CLOCK_24[0]"
    Warning (15610): No output dependent on input pin "CLOCK_24[1]"
    Warning (15610): No output dependent on input pin "CLOCK_27[0]"
    Warning (15610): No output dependent on input pin "CLOCK_27[1]"
    Warning (15610): No output dependent on input pin "EXT_CLOCK"
    Warning (15610): No output dependent on input pin "KEY[0]"
    Warning (15610): No output dependent on input pin "KEY[1]"
    Warning (15610): No output dependent on input pin "KEY[2]"
    Warning (15610): No output dependent on input pin "KEY[3]"
    Warning (15610): No output dependent on input pin "SW[5]"
    Warning (15610): No output dependent on input pin "SW[6]"
    Warning (15610): No output dependent on input pin "SW[7]"
    Warning (15610): No output dependent on input pin "SW[8]"
    Warning (15610): No output dependent on input pin "SW[9]"
    Warning (15610): No output dependent on input pin "UART_RXD"
    Warning (15610): No output dependent on input pin "TDI"
    Warning (15610): No output dependent on input pin "TCK"
    Warning (15610): No output dependent on input pin "TCS"
    Warning (15610): No output dependent on input pin "PS2_DAT"
    Warning (15610): No output dependent on input pin "PS2_CLK"
    Warning (15610): No output dependent on input pin "AUD_ADCDAT"
Info: Implemented 429 device resources after synthesis - the final resource count might be different
    Info: Implemented 27 input pins
    Info: Implemented 137 output pins
    Info: Implemented 119 bidirectional pins
    Info: Implemented 146 logic cells
Info: Quartus II Analysis & Synthesis was successful. 0 errors, 324 warnings
    Info: Peak virtual memory: 214 megabytes
    Info: Processing ended: Wed Nov 23 21:26:34 2016
    Info: Elapsed time: 00:00:08
    Info: Total CPU time (on all processors): 00:00:03


